[debug] [2024-05-07T11:21:56.052Z] ----------------------------------------------------------------------
[debug] [2024-05-07T11:21:56.056Z] Command:       /Users/tonyhybe/.nvm/versions/node/v21.2.0/bin/node /Users/tonyhybe/.nvm/versions/node/v21.2.0/bin/firebase init
[debug] [2024-05-07T11:21:56.057Z] CLI Version:   13.8.0
[debug] [2024-05-07T11:21:56.057Z] Platform:      darwin
[debug] [2024-05-07T11:21:56.057Z] Node Version:  v21.2.0
[debug] [2024-05-07T11:21:56.057Z] Time:          Tue May 07 2024 12:21:56 GMT+0100 (West Africa Standard Time)
[debug] [2024-05-07T11:21:56.057Z] ----------------------------------------------------------------------
[debug] 
[debug] [2024-05-07T11:21:56.061Z] >>> [apiv2][query] GET https://firebase-public.firebaseio.com/cli.json [none]
[debug] [2024-05-07T11:21:56.120Z] > command requires scopes: ["email","openid","https://www.googleapis.com/auth/cloudplatformprojects.readonly","https://www.googleapis.com/auth/firebase","https://www.googleapis.com/auth/cloud-platform"]
[debug] [2024-05-07T11:21:56.120Z] > authorizing via signed-in user (asktonyibe@gmail.com)
[info] 
     ######## #### ########  ######## ########     ###     ######  ########
     ##        ##  ##     ## ##       ##     ##  ##   ##  ##       ##
     ######    ##  ########  ######   ########  #########  ######  ######
     ##        ##  ##    ##  ##       ##     ## ##     ##       ## ##
     ##       #### ##     ## ######## ########  ##     ##  ######  ########

You're about to initialize a Firebase project in this directory:

  /Users/tonyhybe/Desktop/webdev_d2 copy

[debug] [2024-05-07T11:21:56.405Z] <<< [apiv2][status] GET https://firebase-public.firebaseio.com/cli.json 200
[debug] [2024-05-07T11:21:56.405Z] <<< [apiv2][body] GET https://firebase-public.firebaseio.com/cli.json {"cloudBuildErrorAfter":1594252800000,"cloudBuildWarnAfter":1590019200000,"defaultNode10After":1594252800000,"minVersion":"3.0.5","node8DeploysDisabledAfter":1613390400000,"node8RuntimeDisabledAfter":1615809600000,"node8WarnAfter":1600128000000}
